{"/Users/mac/Desktop/DEV/JS/Практика 1/js /health-status/src/index.js": {"path":"/Users/mac/Desktop/DEV/JS/Практика 1/js /health-status/src/index.js","statementMap":{"0":{"start":{"line":2,"column":4},"end":{"line":2,"column":45}},"1":{"start":{"line":2,"column":28},"end":{"line":2,"column":45}},"2":{"start":{"line":3,"column":4},"end":{"line":3,"column":46}},"3":{"start":{"line":3,"column":29},"end":{"line":3,"column":46}},"4":{"start":{"line":4,"column":4},"end":{"line":4,"column":22}}},"fnMap":{"0":{"name":"getHealthStatus","decl":{"start":{"line":1,"column":16},"end":{"line":1,"column":31}},"loc":{"start":{"line":1,"column":40},"end":{"line":5,"column":3}},"line":1}},"branchMap":{"0":{"loc":{"start":{"line":2,"column":4},"end":{"line":2,"column":45}},"type":"if","locations":[{"start":{"line":2,"column":4},"end":{"line":2,"column":45}},{"start":{},"end":{}}],"line":2},"1":{"loc":{"start":{"line":3,"column":4},"end":{"line":3,"column":46}},"type":"if","locations":[{"start":{"line":3,"column":4},"end":{"line":3,"column":46}},{"start":{},"end":{}}],"line":3}},"s":{"0":3,"1":1,"2":2,"3":1,"4":1},"f":{"0":3},"b":{"0":[1,2],"1":[1,1]},"_coverageSchema":"1a1c01bbd47fc00a2c39e90264f33305004495a9","hash":"91cea028262cc27645cf55d0d46c005ba7f6eeb4"}
}
